
> worksphere@0.1.0 build
> next build

Γû▓ Next.js 16.1.1 (Turbopack)
- Environments: .env

  Creating an optimized production build ...
Γ£ô Compiled successfully in 5.9s
  Running TypeScript ...
Failed to compile.

.next/dev/types/validator.ts:621:31
Type error: Type 'typeof import("C:/Users/Admin/Documents/worksphere/src/app/api/tasks/[id]/time-logs/route")' does not satisfy the constraint 'RouteHandlerConfig<"/api/tasks/[id]/time-logs">'.
  Types of property 'GET' are incompatible.
    Type '(request: Request, { params }: { params: { id: string; }; }) => Promise<NextResponse<{ success: boolean; error: string; }> | NextResponse<{ success: boolean; data: ({ user: { name: string; id: string; avatar: string | null; }; } & { ...; })[]; }>>' is not assignable to type '(request: NextRequest, context: { params: Promise<{ id: string; }>; }) => void | Response | Promise<void | Response>'.
      Types of parameters '__1' and 'context' are incompatible.
        Type '{ params: Promise<{ id: string; }>; }' is not assignable to type '{ params: { id: string; }; }'.
          Types of property 'params' are incompatible.
            Property 'id' is missing in type 'Promise<{ id: string; }>' but required in type '{ id: string; }'.

  619 |   type __IsExpected<Specific extends RouteHandlerConfig<"/api/tasks/[id]/time-logs">> = Specific
  620 |   const handler = {} as typeof import("../../../src/app/api/tasks/[id]/time-logs/route.js")
> 621 |   type __Check = __IsExpected<typeof handler>
      |                               ^
  622 |   // @ts-ignore
  623 |   type __Unused = __Check
  624 | }
Next.js build worker exited with code: 1 and signal: null
